<?xml version="1.0" encoding="UTF-8"?>
<!-- Generated by org.testng.reporters.JUnitReportReporter -->
<testsuite hostname="US-C02G70NKMD6R" failures="0" tests="1" name="JavaStreams" time="0.012" errors="0" timestamp="2023-04-13T13:49:21 IST" skipped="0">
  <testcase classname="JavaStreams" name="test" time="0.012"/>
  <system-out/>
</testsuite> <!-- JavaStreams -->
